Using pre-set license
Built from '2021.1/staging' branch; Version is '2021.1.7f1 (d91830b65d9b) revision 14227504'; Using compiler version '192528614'; Build Type 'Release'
OS: 'Windows 10 Pro; OS build 19044.1586; Version 2009; 64bit' Language: 'ru' Physical Memory: 16347 MB
BatchMode: 1, IsHumanControllingUs: 0, StartBugReporterOnCrash: 0, Is64bit: 1, IsPro: 0

 COMMAND LINE ARGUMENTS:
C:\Program Files\Unity\Hub\Editor\2021.1.7f1\Editor\Unity.exe
-adb2
-batchMode
-noUpm
-name
AssetImportWorker0
-projectPath
D:/Projects/Hyper Hospital
-logFile
Logs/AssetImportWorker0.log
-srvPort
63490
Successfully changed project path to: D:/Projects/Hyper Hospital
D:/Projects/Hyper Hospital
Using Asset Import Pipeline V2.
Refreshing native plugins compatible for Editor in 253.62 ms, found 3 plugins.
Preloading 0 native plugins for Editor in 0.00 ms.
Initialize engine version: 2021.1.7f1 (d91830b65d9b)
[Subsystems] Discovering subsystems at path C:/Program Files/Unity/Hub/Editor/2021.1.7f1/Editor/Data/Resources/UnitySubsystems
[Subsystems] Discovering subsystems at path D:/Projects/Hyper Hospital/Assets
GfxDevice: creating device client; threaded=0; jobified=0
Direct3D:
    Version:  Direct3D 11.0 [level 11.0]
    Renderer: NVIDIA GeForce GTX 650 (ID=0xfc6)
    Vendor:   NVIDIA
    VRAM:     2007 MB
    Driver:   27.21.14.5671
Initialize mono
Mono path[0] = 'C:/Program Files/Unity/Hub/Editor/2021.1.7f1/Editor/Data/Managed'
Mono path[1] = 'C:/Program Files/Unity/Hub/Editor/2021.1.7f1/Editor/Data/MonoBleedingEdge/lib/mono/unityjit'
Mono config path = 'C:/Program Files/Unity/Hub/Editor/2021.1.7f1/Editor/Data/MonoBleedingEdge/etc'
Using monoOptions --debugger-agent=transport=dt_socket,embedding=1,server=y,suspend=n,address=127.0.0.1:56608
Begin MonoManager ReloadAssembly
Registering precompiled unity dll's ...
Register platform support module: C:/Program Files/Unity/Hub/Editor/2021.1.7f1/Editor/Data/PlaybackEngines/WebGLSupport/UnityEditor.WebGL.Extensions.dll
Register platform support module: C:/Program Files/Unity/Hub/Editor/2021.1.7f1/Editor/Data/PlaybackEngines/WindowsStandaloneSupport/UnityEditor.WindowsStandalone.Extensions.dll
Registered in 0.003758 seconds.
Native extension for WindowsStandalone target not found
Native extension for WebGL target not found
Refreshing native plugins compatible for Editor in 131.65 ms, found 3 plugins.
Preloading 0 native plugins for Editor in 0.00 ms.
Mono: successfully reloaded assembly
- Completed reload, in  3.068 seconds
Platform modules already initialized, skipping
Registering precompiled user dll's ...
Registered in 0.006418 seconds.
Begin MonoManager ReloadAssembly
Native extension for WindowsStandalone target not found
Native extension for WebGL target not found
Refreshing native plugins compatible for Editor in 0.74 ms, found 3 plugins.
Preloading 0 native plugins for Editor in 0.00 ms.
Mono: successfully reloaded assembly
- Completed reload, in  2.255 seconds
Platform modules already initialized, skipping
========================================================================
Worker process is ready to serve import requests
Launched and connected shader compiler UnityShaderCompiler.exe after 0.05 seconds
Refreshing native plugins compatible for Editor in 0.70 ms, found 3 plugins.
Preloading 0 native plugins for Editor in 0.00 ms.
Unloading 3275 Unused Serialized files (Serialized files now loaded: 0)
System memory in use before: 115.8 MB.
System memory in use after: 116.0 MB.

Unloading 36 unused Assets to reduce memory usage. Loaded Objects now: 3718.
Total: 3.348400 ms (FindLiveObjects: 0.282100 ms CreateObjectMapping: 0.152300 ms MarkObjects: 2.827600 ms  DeleteObjects: 0.084700 ms)

========================================================================
Received Import Request.
  path: Assets/Scripts/Enemy/States/RunState.asset
  artifactKey: Guid(22474fa00167d4781975f65df430f7d9) Importer(815301076,1909f56bfc062723c751e8b465ee728b)
Start importing Assets/Scripts/Enemy/States/RunState.asset using Guid(22474fa00167d4781975f65df430f7d9) Importer(815301076,1909f56bfc062723c751e8b465ee728b)  -> (artifact id: '6688e657792037f2ea540fa58858d09f') in 0.044735 seconds 
========================================================================
Received Import Request.
  Time since last request: 0.000311 seconds.
  path: Assets/Scripts/Enemy/States
  artifactKey: Guid(84a542dbbef464f89bb7ec89d4ed2c73) Importer(815301076,1909f56bfc062723c751e8b465ee728b)
Start importing Assets/Scripts/Enemy/States using Guid(84a542dbbef464f89bb7ec89d4ed2c73) Importer(815301076,1909f56bfc062723c751e8b465ee728b)  -> (artifact id: 'e9e4691ebfffc2f3c9bb9eac90548382') in 0.010649 seconds 
========================================================================
Received Import Request.
  Time since last request: 0.000332 seconds.
  path: Assets/Scripts/Enemy
  artifactKey: Guid(91a98102bca914f4e9a5a82b8d032560) Importer(815301076,1909f56bfc062723c751e8b465ee728b)
Start importing Assets/Scripts/Enemy using Guid(91a98102bca914f4e9a5a82b8d032560) Importer(815301076,1909f56bfc062723c751e8b465ee728b)  -> (artifact id: '4e9f4021a8e92ad75d9fc6edf42f0ef3') in 0.010726 seconds 
========================================================================
Received Import Request.
  Time since last request: 0.000269 seconds.
  path: Assets/Scripts/Enemy/States/BedState.asset
  artifactKey: Guid(38db6b4a29aa248f3bd879cb6ac6cab6) Importer(815301076,1909f56bfc062723c751e8b465ee728b)
Start importing Assets/Scripts/Enemy/States/BedState.asset using Guid(38db6b4a29aa248f3bd879cb6ac6cab6) Importer(815301076,1909f56bfc062723c751e8b465ee728b)  -> (artifact id: 'abfbfc8d0627bcb5e861078801fc741d') in 0.013916 seconds 
========================================================================
Received Import Request.
  Time since last request: 0.000234 seconds.
  path: Assets/Scripts/Enemy/States/WaitForRunState.asset
  artifactKey: Guid(120aacfcffb894043850b9050066154f) Importer(815301076,1909f56bfc062723c751e8b465ee728b)
Start importing Assets/Scripts/Enemy/States/WaitForRunState.asset using Guid(120aacfcffb894043850b9050066154f) Importer(815301076,1909f56bfc062723c751e8b465ee728b)  -> (artifact id: 'cb5a62efcdabfce46a628be873b4c0d9') in 0.009504 seconds 
========================================================================
Received Import Request.
  Time since last request: 8.044022 seconds.
  path: Assets/Scripts/Enemy/States/RunToExit.cs
  artifactKey: Guid(6df10d0416fb84248956947d76654936) Importer(815301076,1909f56bfc062723c751e8b465ee728b)
Start importing Assets/Scripts/Enemy/States/RunToExit.cs using Guid(6df10d0416fb84248956947d76654936) Importer(815301076,1909f56bfc062723c751e8b465ee728b)  -> (artifact id: 'aa69d765fec4f3c70297b945442dc426') in 0.012920 seconds 
========================================================================
Received Prepare
Registering precompiled user dll's ...
Registered in 0.006337 seconds.
Begin MonoManager ReloadAssembly
Native extension for WindowsStandalone target not found
Native extension for WebGL target not found
Refreshing native plugins compatible for Editor in 0.78 ms, found 3 plugins.
Preloading 0 native plugins for Editor in 0.00 ms.
Mono: successfully reloaded assembly
- Completed reload, in  2.013 seconds
Platform modules already initialized, skipping
Refreshing native plugins compatible for Editor in 0.74 ms, found 3 plugins.
Preloading 0 native plugins for Editor in 0.00 ms.
Unloading 3268 Unused Serialized files (Serialized files now loaded: 0)
System memory in use before: 115.6 MB.
System memory in use after: 115.8 MB.

Unloading 19 unused Assets to reduce memory usage. Loaded Objects now: 3733.
Total: 2.727800 ms (FindLiveObjects: 0.304700 ms CreateObjectMapping: 0.153300 ms MarkObjects: 2.244500 ms  DeleteObjects: 0.023700 ms)

========================================================================
Received Import Request.
  Time since last request: 30.915444 seconds.
  path: Assets/Scripts/Enemy/States/RunState.cs
  artifactKey: Guid(bb431f6a8c4b3244cb19758b495000a8) Importer(815301076,1909f56bfc062723c751e8b465ee728b)
Start importing Assets/Scripts/Enemy/States/RunState.cs using Guid(bb431f6a8c4b3244cb19758b495000a8) Importer(815301076,1909f56bfc062723c751e8b465ee728b)  -> (artifact id: '3aaac0899aff0e54db010ce2537592b2') in 0.008231 seconds 
========================================================================
Received Prepare
Registering precompiled user dll's ...
Registered in 0.006998 seconds.
Begin MonoManager ReloadAssembly
Native extension for WindowsStandalone target not found
Native extension for WebGL target not found
Refreshing native plugins compatible for Editor in 0.86 ms, found 3 plugins.
Preloading 0 native plugins for Editor in 0.00 ms.
Mono: successfully reloaded assembly
- Completed reload, in  2.060 seconds
Platform modules already initialized, skipping
Refreshing native plugins compatible for Editor in 0.74 ms, found 3 plugins.
Preloading 0 native plugins for Editor in 0.00 ms.
Unloading 3268 Unused Serialized files (Serialized files now loaded: 0)
System memory in use before: 115.7 MB.
System memory in use after: 115.9 MB.

Unloading 19 unused Assets to reduce memory usage. Loaded Objects now: 3747.
Total: 3.046300 ms (FindLiveObjects: 0.390200 ms CreateObjectMapping: 0.169200 ms MarkObjects: 2.452700 ms  DeleteObjects: 0.032500 ms)

========================================================================
Received Import Request.
  Time since last request: 331.854245 seconds.
  path: Assets/Scripts/Enemy/States/RunState.cs
  artifactKey: Guid(bb431f6a8c4b3244cb19758b495000a8) Importer(815301076,1909f56bfc062723c751e8b465ee728b)
Start importing Assets/Scripts/Enemy/States/RunState.cs using Guid(bb431f6a8c4b3244cb19758b495000a8) Importer(815301076,1909f56bfc062723c751e8b465ee728b)  -> (artifact id: 'cd0aae8b1ca2944c022814f259f2d2c0') in 0.007362 seconds 
========================================================================
Received Prepare
Registering precompiled user dll's ...
Registered in 0.006885 seconds.
Begin MonoManager ReloadAssembly
Native extension for WindowsStandalone target not found
Native extension for WebGL target not found
Refreshing native plugins compatible for Editor in 0.72 ms, found 3 plugins.
Preloading 0 native plugins for Editor in 0.00 ms.
Mono: successfully reloaded assembly
- Completed reload, in  1.561 seconds
Platform modules already initialized, skipping
Refreshing native plugins compatible for Editor in 0.76 ms, found 3 plugins.
Preloading 0 native plugins for Editor in 0.00 ms.
Unloading 3268 Unused Serialized files (Serialized files now loaded: 0)
System memory in use before: 115.7 MB.
System memory in use after: 115.9 MB.

Unloading 19 unused Assets to reduce memory usage. Loaded Objects now: 3761.
Total: 2.887900 ms (FindLiveObjects: 0.268300 ms CreateObjectMapping: 0.153500 ms MarkObjects: 2.427800 ms  DeleteObjects: 0.036700 ms)

========================================================================
Received Import Request.
  Time since last request: 43.653239 seconds.
  path: Assets/Scripts/Enemy/States/RunState.cs
  artifactKey: Guid(bb431f6a8c4b3244cb19758b495000a8) Importer(815301076,1909f56bfc062723c751e8b465ee728b)
Start importing Assets/Scripts/Enemy/States/RunState.cs using Guid(bb431f6a8c4b3244cb19758b495000a8) Importer(815301076,1909f56bfc062723c751e8b465ee728b)  -> (artifact id: 'd348302c94585f9c9f9a4227e3484ca4') in 0.007250 seconds 
========================================================================
Received Import Request.
  Time since last request: 17.138019 seconds.
  path: Assets/Scripts/Enemy/States/RunToExit.asset
  artifactKey: Guid(e42f49eedee4bf74fbd649371d948590) Importer(815301076,1909f56bfc062723c751e8b465ee728b)
Start importing Assets/Scripts/Enemy/States/RunToExit.asset using Guid(e42f49eedee4bf74fbd649371d948590) Importer(815301076,1909f56bfc062723c751e8b465ee728b)  -> (artifact id: 'f4aba819eee9b6e8a8d7a06fe26d9fce') in 0.017655 seconds 
========================================================================
Received Prepare
Registering precompiled user dll's ...
Registered in 0.006675 seconds.
Begin MonoManager ReloadAssembly
Native extension for WindowsStandalone target not found
Native extension for WebGL target not found
Refreshing native plugins compatible for Editor in 0.77 ms, found 3 plugins.
Preloading 0 native plugins for Editor in 0.00 ms.
Mono: successfully reloaded assembly
- Completed reload, in  1.722 seconds
Platform modules already initialized, skipping
Refreshing native plugins compatible for Editor in 0.80 ms, found 3 plugins.
Preloading 0 native plugins for Editor in 0.00 ms.
Unloading 3268 Unused Serialized files (Serialized files now loaded: 0)
System memory in use before: 115.8 MB.
System memory in use after: 116.0 MB.

Unloading 19 unused Assets to reduce memory usage. Loaded Objects now: 3775.
Total: 3.607700 ms (FindLiveObjects: 0.342700 ms CreateObjectMapping: 0.195700 ms MarkObjects: 3.041200 ms  DeleteObjects: 0.025900 ms)

========================================================================
Received Prepare
Registering precompiled user dll's ...
Registered in 0.007292 seconds.
Begin MonoManager ReloadAssembly
Native extension for WindowsStandalone target not found
Native extension for WebGL target not found
Refreshing native plugins compatible for Editor in 0.93 ms, found 3 plugins.
Preloading 0 native plugins for Editor in 0.00 ms.
Mono: successfully reloaded assembly
- Completed reload, in  1.616 seconds
Platform modules already initialized, skipping
Refreshing native plugins compatible for Editor in 0.71 ms, found 3 plugins.
Preloading 0 native plugins for Editor in 0.00 ms.
Unloading 3268 Unused Serialized files (Serialized files now loaded: 0)
System memory in use before: 115.8 MB.
System memory in use after: 116.0 MB.

Unloading 19 unused Assets to reduce memory usage. Loaded Objects now: 3789.
Total: 2.907100 ms (FindLiveObjects: 0.342100 ms CreateObjectMapping: 0.155700 ms MarkObjects: 2.386500 ms  DeleteObjects: 0.021100 ms)

========================================================================
Received Prepare
Registering precompiled user dll's ...
Registered in 0.007377 seconds.
Begin MonoManager ReloadAssembly
Native extension for WindowsStandalone target not found
Native extension for WebGL target not found
Refreshing native plugins compatible for Editor in 0.91 ms, found 3 plugins.
Preloading 0 native plugins for Editor in 0.00 ms.
Mono: successfully reloaded assembly
- Completed reload, in  1.891 seconds
Platform modules already initialized, skipping
Refreshing native plugins compatible for Editor in 0.81 ms, found 3 plugins.
Preloading 0 native plugins for Editor in 0.00 ms.
Unloading 3268 Unused Serialized files (Serialized files now loaded: 0)
System memory in use before: 115.8 MB.
System memory in use after: 116.0 MB.

Unloading 19 unused Assets to reduce memory usage. Loaded Objects now: 3803.
Total: 3.479300 ms (FindLiveObjects: 0.375300 ms CreateObjectMapping: 0.336800 ms MarkObjects: 2.738600 ms  DeleteObjects: 0.027400 ms)

========================================================================
Received Import Request.
  Time since last request: 407.441734 seconds.
  path: Assets/Scripts/Enemy/States/Human@Running.prefab
  artifactKey: Guid(4c9b72a7ea6d43549a24decdb1eb3338) Importer(815301076,1909f56bfc062723c751e8b465ee728b)
Start importing Assets/Scripts/Enemy/States/Human@Running.prefab using Guid(4c9b72a7ea6d43549a24decdb1eb3338) Importer(815301076,1909f56bfc062723c751e8b465ee728b)  -> (artifact id: '3676d7b79be1a4c687ea361179bcf7b6') in 0.142576 seconds 
========================================================================
Received Prepare
Registering precompiled user dll's ...
Registered in 0.007315 seconds.
Begin MonoManager ReloadAssembly
Native extension for WindowsStandalone target not found
Native extension for WebGL target not found
Refreshing native plugins compatible for Editor in 0.74 ms, found 3 plugins.
Preloading 0 native plugins for Editor in 0.00 ms.
Mono: successfully reloaded assembly
- Completed reload, in  1.548 seconds
Platform modules already initialized, skipping
Refreshing native plugins compatible for Editor in 0.72 ms, found 3 plugins.
Preloading 0 native plugins for Editor in 0.00 ms.
Unloading 3268 Unused Serialized files (Serialized files now loaded: 0)
System memory in use before: 133.3 MB.
System memory in use after: 133.5 MB.

Unloading 20 unused Assets to reduce memory usage. Loaded Objects now: 3825.
Total: 2.967800 ms (FindLiveObjects: 0.278800 ms CreateObjectMapping: 0.154200 ms MarkObjects: 2.506100 ms  DeleteObjects: 0.026700 ms)

========================================================================
Received Prepare
Registering precompiled user dll's ...
Registered in 0.006341 seconds.
Begin MonoManager ReloadAssembly
Native extension for WindowsStandalone target not found
Native extension for WebGL target not found
Refreshing native plugins compatible for Editor in 0.80 ms, found 3 plugins.
Preloading 0 native plugins for Editor in 0.00 ms.
Mono: successfully reloaded assembly
- Completed reload, in  1.608 seconds
Platform modules already initialized, skipping
Refreshing native plugins compatible for Editor in 0.72 ms, found 3 plugins.
Preloading 0 native plugins for Editor in 0.00 ms.
Unloading 3268 Unused Serialized files (Serialized files now loaded: 0)
System memory in use before: 133.3 MB.
System memory in use after: 133.5 MB.

Unloading 19 unused Assets to reduce memory usage. Loaded Objects now: 3839.
Total: 3.079600 ms (FindLiveObjects: 0.290600 ms CreateObjectMapping: 0.222000 ms MarkObjects: 2.542800 ms  DeleteObjects: 0.022500 ms)

========================================================================
Received Prepare
Registering precompiled user dll's ...
Registered in 0.006371 seconds.
Begin MonoManager ReloadAssembly
Native extension for WindowsStandalone target not found
Native extension for WebGL target not found
Refreshing native plugins compatible for Editor in 0.73 ms, found 3 plugins.
Preloading 0 native plugins for Editor in 0.00 ms.
Mono: successfully reloaded assembly
- Completed reload, in  2.111 seconds
Platform modules already initialized, skipping
Refreshing native plugins compatible for Editor in 0.76 ms, found 3 plugins.
Preloading 0 native plugins for Editor in 0.00 ms.
Unloading 3268 Unused Serialized files (Serialized files now loaded: 0)
System memory in use before: 133.3 MB.
System memory in use after: 133.5 MB.

Unloading 19 unused Assets to reduce memory usage. Loaded Objects now: 3853.
Total: 2.857800 ms (FindLiveObjects: 0.295400 ms CreateObjectMapping: 0.155900 ms MarkObjects: 2.369700 ms  DeleteObjects: 0.035200 ms)

========================================================================
Received Import Request.
  Time since last request: 2384.716132 seconds.
  path: Assets/Scripts/Enemy/BedList.cs
  artifactKey: Guid(12065c0ed05c65b449afa645bae63219) Importer(815301076,1909f56bfc062723c751e8b465ee728b)
Start importing Assets/Scripts/Enemy/BedList.cs using Guid(12065c0ed05c65b449afa645bae63219) Importer(815301076,1909f56bfc062723c751e8b465ee728b)  -> (artifact id: '4612617fd3acceca1796a1cb404bde00') in 0.018411 seconds 
========================================================================
Received Prepare
Registering precompiled user dll's ...
Registered in 0.006962 seconds.
Begin MonoManager ReloadAssembly
Native extension for WindowsStandalone target not found
Native extension for WebGL target not found
Refreshing native plugins compatible for Editor in 0.73 ms, found 3 plugins.
Preloading 0 native plugins for Editor in 0.00 ms.
Mono: successfully reloaded assembly
- Completed reload, in  1.552 seconds
Platform modules already initialized, skipping
Refreshing native plugins compatible for Editor in 0.73 ms, found 3 plugins.
Preloading 0 native plugins for Editor in 0.00 ms.
Unloading 3268 Unused Serialized files (Serialized files now loaded: 0)
System memory in use before: 133.3 MB.
System memory in use after: 133.5 MB.

Unloading 19 unused Assets to reduce memory usage. Loaded Objects now: 3867.
Total: 3.302700 ms (FindLiveObjects: 0.355900 ms CreateObjectMapping: 0.291400 ms MarkObjects: 2.623100 ms  DeleteObjects: 0.031100 ms)

========================================================================
Received Import Request.
  Time since last request: 298.306412 seconds.
  path: Assets/Scripts/Enemy/BedList.cs
  artifactKey: Guid(12065c0ed05c65b449afa645bae63219) Importer(815301076,1909f56bfc062723c751e8b465ee728b)
Start importing Assets/Scripts/Enemy/BedList.cs using Guid(12065c0ed05c65b449afa645bae63219) Importer(815301076,1909f56bfc062723c751e8b465ee728b)  -> (artifact id: '1f6555eb869c5108ae4b865deee3c026') in 0.007291 seconds 
========================================================================
Received Prepare
Registering precompiled user dll's ...
Registered in 0.011755 seconds.
Begin MonoManager ReloadAssembly
Native extension for WindowsStandalone target not found
Native extension for WebGL target not found
Refreshing native plugins compatible for Editor in 0.73 ms, found 3 plugins.
Preloading 0 native plugins for Editor in 0.00 ms.
Mono: successfully reloaded assembly
- Completed reload, in  1.836 seconds
Platform modules already initialized, skipping
Refreshing native plugins compatible for Editor in 0.72 ms, found 3 plugins.
Preloading 0 native plugins for Editor in 0.00 ms.
Unloading 3268 Unused Serialized files (Serialized files now loaded: 0)
System memory in use before: 133.3 MB.
System memory in use after: 133.6 MB.

Unloading 19 unused Assets to reduce memory usage. Loaded Objects now: 3881.
Total: 2.722100 ms (FindLiveObjects: 0.286900 ms CreateObjectMapping: 0.153200 ms MarkObjects: 2.259800 ms  DeleteObjects: 0.020900 ms)

========================================================================
Received Prepare
Registering precompiled user dll's ...
Registered in 0.006335 seconds.
Begin MonoManager ReloadAssembly
Native extension for WindowsStandalone target not found
Native extension for WebGL target not found
Refreshing native plugins compatible for Editor in 0.83 ms, found 3 plugins.
Preloading 0 native plugins for Editor in 0.00 ms.
Mono: successfully reloaded assembly
- Completed reload, in  1.610 seconds
Platform modules already initialized, skipping
Refreshing native plugins compatible for Editor in 0.75 ms, found 3 plugins.
Preloading 0 native plugins for Editor in 0.00 ms.
Unloading 3268 Unused Serialized files (Serialized files now loaded: 0)
System memory in use before: 133.3 MB.
System memory in use after: 133.6 MB.

Unloading 19 unused Assets to reduce memory usage. Loaded Objects now: 3895.
Total: 3.017000 ms (FindLiveObjects: 0.348500 ms CreateObjectMapping: 0.246400 ms MarkObjects: 2.395700 ms  DeleteObjects: 0.024700 ms)

========================================================================
Received Import Request.
  Time since last request: 444.759127 seconds.
  path: Assets/Scripts/Enemy/States/RunToExit.cs
  artifactKey: Guid(6df10d0416fb84248956947d76654936) Importer(815301076,1909f56bfc062723c751e8b465ee728b)
Start importing Assets/Scripts/Enemy/States/RunToExit.cs using Guid(6df10d0416fb84248956947d76654936) Importer(815301076,1909f56bfc062723c751e8b465ee728b)  -> (artifact id: '1ed14eef2b01a43d273ca91e2489f36e') in 0.010529 seconds 
========================================================================
Received Prepare
Registering precompiled user dll's ...
Registered in 0.006170 seconds.
Begin MonoManager ReloadAssembly
Native extension for WindowsStandalone target not found
Native extension for WebGL target not found
Refreshing native plugins compatible for Editor in 0.76 ms, found 3 plugins.
Preloading 0 native plugins for Editor in 0.00 ms.
Mono: successfully reloaded assembly
- Completed reload, in  3.118 seconds
Platform modules already initialized, skipping
Refreshing native plugins compatible for Editor in 0.81 ms, found 3 plugins.
Preloading 0 native plugins for Editor in 0.00 ms.
Unloading 3268 Unused Serialized files (Serialized files now loaded: 0)
System memory in use before: 133.3 MB.
System memory in use after: 133.6 MB.

Unloading 19 unused Assets to reduce memory usage. Loaded Objects now: 3909.
Total: 2.774100 ms (FindLiveObjects: 0.288500 ms CreateObjectMapping: 0.150600 ms MarkObjects: 2.304400 ms  DeleteObjects: 0.029200 ms)

========================================================================
Received Prepare
Registering precompiled user dll's ...
Registered in 0.006089 seconds.
Begin MonoManager ReloadAssembly
Native extension for WindowsStandalone target not found
Native extension for WebGL target not found
Refreshing native plugins compatible for Editor in 0.77 ms, found 3 plugins.
Preloading 0 native plugins for Editor in 0.00 ms.
Mono: successfully reloaded assembly
- Completed reload, in  1.615 seconds
Platform modules already initialized, skipping
Refreshing native plugins compatible for Editor in 0.71 ms, found 3 plugins.
Preloading 0 native plugins for Editor in 0.00 ms.
Unloading 3268 Unused Serialized files (Serialized files now loaded: 0)
System memory in use before: 133.4 MB.
System memory in use after: 133.6 MB.

Unloading 19 unused Assets to reduce memory usage. Loaded Objects now: 3923.
Total: 2.795600 ms (FindLiveObjects: 0.306500 ms CreateObjectMapping: 0.167700 ms MarkObjects: 2.298500 ms  DeleteObjects: 0.021500 ms)

========================================================================
Received Import Request.
  Time since last request: 480.356800 seconds.
  path: Assets
  artifactKey: Guid(00000000000000001000000000000000) Importer(815301076,1909f56bfc062723c751e8b465ee728b)
Start importing Assets using Guid(00000000000000001000000000000000) Importer(815301076,1909f56bfc062723c751e8b465ee728b)  -> (artifact id: '42d402b061de3733987d63b9cc3b64de') in 0.011528 seconds 
========================================================================
Received Import Request.
  Time since last request: 11.085915 seconds.
  path: Assets/Prefabs
  artifactKey: Guid(a994a579866a6774ea2d8f1dc87f5e95) Importer(815301076,1909f56bfc062723c751e8b465ee728b)
Start importing Assets/Prefabs using Guid(a994a579866a6774ea2d8f1dc87f5e95) Importer(815301076,1909f56bfc062723c751e8b465ee728b)  -> (artifact id: '0d9eb4a4a0900f7632d738847408e367') in 0.008632 seconds 
========================================================================
Received Import Request.
  Time since last request: 888.940318 seconds.
  path: Assets/Scripts/Enemy/States/RunState.cs
  artifactKey: Guid(bb431f6a8c4b3244cb19758b495000a8) Importer(815301076,1909f56bfc062723c751e8b465ee728b)
Start importing Assets/Scripts/Enemy/States/RunState.cs using Guid(bb431f6a8c4b3244cb19758b495000a8) Importer(815301076,1909f56bfc062723c751e8b465ee728b)  -> (artifact id: '2c85f4aaa836068f7dd17e29e623903e') in 0.007882 seconds 
========================================================================
Received Prepare
Registering precompiled user dll's ...
Registered in 0.007455 seconds.
Begin MonoManager ReloadAssembly
Native extension for WindowsStandalone target not found
Native extension for WebGL target not found
Refreshing native plugins compatible for Editor in 0.72 ms, found 3 plugins.
Preloading 0 native plugins for Editor in 0.00 ms.
Mono: successfully reloaded assembly
- Completed reload, in  1.602 seconds
Platform modules already initialized, skipping
Refreshing native plugins compatible for Editor in 0.72 ms, found 3 plugins.
Preloading 0 native plugins for Editor in 0.00 ms.
Unloading 3268 Unused Serialized files (Serialized files now loaded: 0)
System memory in use before: 133.4 MB.
System memory in use after: 133.6 MB.

Unloading 19 unused Assets to reduce memory usage. Loaded Objects now: 3937.
Total: 2.884300 ms (FindLiveObjects: 0.297300 ms CreateObjectMapping: 0.153900 ms MarkObjects: 2.400000 ms  DeleteObjects: 0.031600 ms)

========================================================================
Received Import Request.
  Time since last request: 17.052753 seconds.
  path: Assets/Scripts/Enemy/States/RunState.cs
  artifactKey: Guid(bb431f6a8c4b3244cb19758b495000a8) Importer(815301076,1909f56bfc062723c751e8b465ee728b)
Start importing Assets/Scripts/Enemy/States/RunState.cs using Guid(bb431f6a8c4b3244cb19758b495000a8) Importer(815301076,1909f56bfc062723c751e8b465ee728b)  -> (artifact id: 'e8823526fcbb57fa6eb8728d976f97e1') in 0.007209 seconds 
========================================================================
Received Prepare
Registering precompiled user dll's ...
Registered in 0.008649 seconds.
Begin MonoManager ReloadAssembly
Native extension for WindowsStandalone target not found
Native extension for WebGL target not found
Refreshing native plugins compatible for Editor in 0.92 ms, found 3 plugins.
Preloading 0 native plugins for Editor in 0.00 ms.
Mono: successfully reloaded assembly
- Completed reload, in  1.703 seconds
Platform modules already initialized, skipping
Refreshing native plugins compatible for Editor in 0.74 ms, found 3 plugins.
Preloading 0 native plugins for Editor in 0.00 ms.
Unloading 3268 Unused Serialized files (Serialized files now loaded: 0)
System memory in use before: 133.4 MB.
System memory in use after: 133.6 MB.

Unloading 19 unused Assets to reduce memory usage. Loaded Objects now: 3951.
Total: 3.250000 ms (FindLiveObjects: 0.328700 ms CreateObjectMapping: 0.210300 ms MarkObjects: 2.688400 ms  DeleteObjects: 0.021100 ms)

AssetImportWorkerClient::OnTransportError - code=2 error=End of file
